{"/home/broward/Dev/NodeInterceptTesting/qil.js":{"path":"/home/broward/Dev/NodeInterceptTesting/qil.js","s":{"1":1,"2":1,"3":1,"4":7,"5":7,"6":7,"7":7,"8":7,"9":1,"10":4,"11":4,"12":1,"13":1,"14":1,"15":1,"16":3,"17":1,"18":2,"19":2,"20":2,"21":1},"b":{},"f":{"1":7,"2":4,"3":1,"4":3,"5":2},"fnMap":{"1":{"name":"Qil","line":8,"loc":{"start":{"line":8,"column":0},"end":{"line":8,"column":19}}},"2":{"name":"(anonymous_2)","line":20,"loc":{"start":{"line":20,"column":19},"end":{"line":20,"column":33}}},"3":{"name":"(anonymous_3)","line":25,"loc":{"start":{"line":25,"column":19},"end":{"line":25,"column":33}}},"4":{"name":"(anonymous_4)","line":30,"loc":{"start":{"line":30,"column":19},"end":{"line":30,"column":30}}},"5":{"name":"(anonymous_5)","line":34,"loc":{"start":{"line":34,"column":19},"end":{"line":34,"column":30}}}},"statementMap":{"1":{"start":{"line":4,"column":0},"end":{"line":4,"column":18}},"2":{"start":{"line":5,"column":0},"end":{"line":5,"column":19}},"3":{"start":{"line":8,"column":0},"end":{"line":17,"column":1}},"4":{"start":{"line":11,"column":4},"end":{"line":11,"column":21}},"5":{"start":{"line":12,"column":4},"end":{"line":12,"column":32}},"6":{"start":{"line":13,"column":4},"end":{"line":13,"column":31}},"7":{"start":{"line":14,"column":4},"end":{"line":14,"column":37}},"8":{"start":{"line":15,"column":4},"end":{"line":15,"column":35}},"9":{"start":{"line":20,"column":0},"end":{"line":23,"column":1}},"10":{"start":{"line":21,"column":4},"end":{"line":21,"column":31}},"11":{"start":{"line":22,"column":4},"end":{"line":22,"column":25}},"12":{"start":{"line":25,"column":0},"end":{"line":28,"column":1}},"13":{"start":{"line":26,"column":4},"end":{"line":26,"column":31}},"14":{"start":{"line":27,"column":4},"end":{"line":27,"column":15}},"15":{"start":{"line":30,"column":0},"end":{"line":32,"column":1}},"16":{"start":{"line":31,"column":1},"end":{"line":31,"column":17}},"17":{"start":{"line":34,"column":0},"end":{"line":38,"column":1}},"18":{"start":{"line":35,"column":1},"end":{"line":35,"column":28}},"19":{"start":{"line":36,"column":1},"end":{"line":36,"column":20}},"20":{"start":{"line":37,"column":1},"end":{"line":37,"column":27}},"21":{"start":{"line":41,"column":0},"end":{"line":41,"column":21}}},"branchMap":{}}}